# Logfile created on 2014-02-09 14:56:11 -0500 by logger.rb/36483
I, [2014-02-09T14:56:11.678703 #3042]  INFO -- : 0:  RedCloth (4.2.9) from /Library/Ruby/Gems/2.0.0/specifications/RedCloth-4.2.9.gemspec
I, [2014-02-09T14:56:11.679588 #3042]  INFO -- : 0:  blankslate (2.1.2.4) from /Library/Ruby/Gems/2.0.0/specifications/blankslate-2.1.2.4.gemspec
I, [2014-02-09T14:56:11.679969 #3042]  INFO -- : 0:  fast-stemmer (1.0.2) from /Library/Ruby/Gems/2.0.0/specifications/fast-stemmer-1.0.2.gemspec
I, [2014-02-09T14:56:11.680328 #3042]  INFO -- : 0:  classifier (1.3.3) from /Library/Ruby/Gems/2.0.0/specifications/classifier-1.3.3.gemspec
I, [2014-02-09T14:56:11.680681 #3042]  INFO -- : 0:  colorator (0.1) from /Library/Ruby/Gems/2.0.0/specifications/colorator-0.1.gemspec
I, [2014-02-09T14:56:11.681032 #3042]  INFO -- : 0:  highline (1.6.20) from /Library/Ruby/Gems/2.0.0/specifications/highline-1.6.20.gemspec
I, [2014-02-09T14:56:11.681377 #3042]  INFO -- : 0:  commander (4.1.5) from /Library/Ruby/Gems/2.0.0/specifications/commander-4.1.5.gemspec
I, [2014-02-09T14:56:11.681720 #3042]  INFO -- : 0:  ffi (1.9.3) from /Library/Ruby/Gems/2.0.0/specifications/ffi-1.9.3.gemspec
I, [2014-02-09T14:56:11.682063 #3042]  INFO -- : 0:  liquid (2.5.4) from /Library/Ruby/Gems/2.0.0/specifications/liquid-2.5.4.gemspec
I, [2014-02-09T14:56:11.682406 #3042]  INFO -- : 0:  rb-fsevent (0.9.4) from /Library/Ruby/Gems/2.0.0/specifications/rb-fsevent-0.9.4.gemspec
I, [2014-02-09T14:56:11.682748 #3042]  INFO -- : 0:  rb-inotify (0.9.3) from /Library/Ruby/Gems/2.0.0/specifications/rb-inotify-0.9.3.gemspec
I, [2014-02-09T14:56:11.683090 #3042]  INFO -- : 0:  rb-kqueue (0.2.0) from /Library/Ruby/Gems/2.0.0/specifications/rb-kqueue-0.2.0.gemspec
I, [2014-02-09T14:56:11.683436 #3042]  INFO -- : 0:  listen (1.3.1) from /Library/Ruby/Gems/2.0.0/specifications/listen-1.3.1.gemspec
I, [2014-02-09T14:56:11.683762 #3042]  INFO -- : 0:  maruku (0.7.0) from /Library/Ruby/Gems/2.0.0/specifications/maruku-0.7.0.gemspec
I, [2014-02-09T14:56:11.684090 #3042]  INFO -- : 0:  posix-spawn (0.3.8) from /Library/Ruby/Gems/2.0.0/specifications/posix-spawn-0.3.8.gemspec
I, [2014-02-09T14:56:11.684415 #3042]  INFO -- : 0:  yajl-ruby (1.1.0) from /Library/Ruby/Gems/2.0.0/specifications/yajl-ruby-1.1.0.gemspec
I, [2014-02-09T14:56:11.684745 #3042]  INFO -- : 0:  pygments.rb (0.5.4) from /Library/Ruby/Gems/2.0.0/specifications/pygments.rb-0.5.4.gemspec
I, [2014-02-09T14:56:11.685077 #3042]  INFO -- : 0:  redcarpet (2.3.0) from /Library/Ruby/Gems/2.0.0/specifications/redcarpet-2.3.0.gemspec
I, [2014-02-09T14:56:11.685408 #3042]  INFO -- : 0:  safe_yaml (0.9.7) from /Library/Ruby/Gems/2.0.0/specifications/safe_yaml-0.9.7.gemspec
I, [2014-02-09T14:56:11.685738 #3042]  INFO -- : 0:  parslet (1.5.0) from /Library/Ruby/Gems/2.0.0/specifications/parslet-1.5.0.gemspec
I, [2014-02-09T14:56:11.686066 #3042]  INFO -- : 0:  toml (0.1.0) from /Library/Ruby/Gems/2.0.0/specifications/toml-0.1.0.gemspec
I, [2014-02-09T14:56:11.686395 #3042]  INFO -- : 0:  jekyll (1.4.2) from /Library/Ruby/Gems/2.0.0/specifications/jekyll-1.4.2.gemspec
I, [2014-02-09T14:56:11.686723 #3042]  INFO -- : 0:  kramdown (1.2.0) from /Library/Ruby/Gems/2.0.0/specifications/kramdown-1.2.0.gemspec
I, [2014-02-09T14:56:11.687052 #3042]  INFO -- : 0:  rdiscount (2.1.7) from /Library/Ruby/Gems/2.0.0/specifications/rdiscount-2.1.7.gemspec
I, [2014-02-09T14:56:11.687380 #3042]  INFO -- : 0:  github-pages (12) from /Library/Ruby/Gems/2.0.0/specifications/github-pages-12.gemspec
I, [2014-02-09T14:56:11.687674 #3042]  INFO -- : 0:  bundler (1.5.1) from /Library/Ruby/Gems/2.0.0/specifications/bundler-1.5.1.gemspec
I, [2014-02-09T14:56:19.010750 #3046]  INFO -- : 0:  RedCloth (4.2.9) from /Library/Ruby/Gems/2.0.0/specifications/RedCloth-4.2.9.gemspec
I, [2014-02-09T14:56:19.011263 #3046]  INFO -- : 0:  blankslate (2.1.2.4) from /Library/Ruby/Gems/2.0.0/specifications/blankslate-2.1.2.4.gemspec
I, [2014-02-09T14:56:19.011525 #3046]  INFO -- : 0:  fast-stemmer (1.0.2) from /Library/Ruby/Gems/2.0.0/specifications/fast-stemmer-1.0.2.gemspec
I, [2014-02-09T14:56:24.110545 #3046]  INFO -- : 0:  classifier (1.3.4) from /Library/Ruby/Gems/2.0.0/specifications/classifier-1.3.4.gemspec
I, [2014-02-09T14:56:24.115776 #3046]  INFO -- : 0:  colorator (0.1) from /Library/Ruby/Gems/2.0.0/specifications/colorator-0.1.gemspec
I, [2014-02-09T14:56:24.116108 #3046]  INFO -- : 0:  highline (1.6.20) from /Library/Ruby/Gems/2.0.0/specifications/highline-1.6.20.gemspec
I, [2014-02-09T14:56:24.116395 #3046]  INFO -- : 0:  commander (4.1.5) from /Library/Ruby/Gems/2.0.0/specifications/commander-4.1.5.gemspec
I, [2014-02-09T14:56:24.116676 #3046]  INFO -- : 0:  ffi (1.9.3) from /Library/Ruby/Gems/2.0.0/specifications/ffi-1.9.3.gemspec
I, [2014-02-09T14:56:25.674464 #3046]  INFO -- : 0:  liquid (2.5.5) from /Library/Ruby/Gems/2.0.0/specifications/liquid-2.5.5.gemspec
I, [2014-02-09T14:56:25.682148 #3046]  INFO -- : 0:  rb-fsevent (0.9.4) from /Library/Ruby/Gems/2.0.0/specifications/rb-fsevent-0.9.4.gemspec
I, [2014-02-09T14:56:25.682565 #3046]  INFO -- : 0:  rb-inotify (0.9.3) from /Library/Ruby/Gems/2.0.0/specifications/rb-inotify-0.9.3.gemspec
I, [2014-02-09T14:56:25.682916 #3046]  INFO -- : 0:  rb-kqueue (0.2.0) from /Library/Ruby/Gems/2.0.0/specifications/rb-kqueue-0.2.0.gemspec
I, [2014-02-09T14:56:25.683245 #3046]  INFO -- : 0:  listen (1.3.1) from /Library/Ruby/Gems/2.0.0/specifications/listen-1.3.1.gemspec
I, [2014-02-09T14:56:25.683664 #3046]  INFO -- : 0:  maruku (0.7.0) from /Library/Ruby/Gems/2.0.0/specifications/maruku-0.7.0.gemspec
I, [2014-02-09T14:56:25.684124 #3046]  INFO -- : 0:  posix-spawn (0.3.8) from /Library/Ruby/Gems/2.0.0/specifications/posix-spawn-0.3.8.gemspec
I, [2014-02-09T14:56:25.684580 #3046]  INFO -- : 0:  yajl-ruby (1.1.0) from /Library/Ruby/Gems/2.0.0/specifications/yajl-ruby-1.1.0.gemspec
I, [2014-02-09T14:56:25.684876 #3046]  INFO -- : 0:  pygments.rb (0.5.4) from /Library/Ruby/Gems/2.0.0/specifications/pygments.rb-0.5.4.gemspec
I, [2014-02-09T14:56:25.685174 #3046]  INFO -- : 0:  redcarpet (2.3.0) from /Library/Ruby/Gems/2.0.0/specifications/redcarpet-2.3.0.gemspec
I, [2014-02-09T14:56:25.685465 #3046]  INFO -- : 0:  safe_yaml (0.9.7) from /Library/Ruby/Gems/2.0.0/specifications/safe_yaml-0.9.7.gemspec
I, [2014-02-09T14:56:25.685747 #3046]  INFO -- : 0:  parslet (1.5.0) from /Library/Ruby/Gems/2.0.0/specifications/parslet-1.5.0.gemspec
I, [2014-02-09T14:56:25.686031 #3046]  INFO -- : 0:  toml (0.1.0) from /Library/Ruby/Gems/2.0.0/specifications/toml-0.1.0.gemspec
I, [2014-02-09T14:56:28.356811 #3046]  INFO -- : 0:  jekyll (1.4.3) from /Library/Ruby/Gems/2.0.0/specifications/jekyll-1.4.3.gemspec
I, [2014-02-09T14:56:30.600748 #3046]  INFO -- : 0:  kramdown (1.3.1) from /Library/Ruby/Gems/2.0.0/specifications/kramdown-1.3.1.gemspec
I, [2014-02-09T14:56:30.641621 #3046]  INFO -- : 0:  rdiscount (2.1.7) from /Library/Ruby/Gems/2.0.0/specifications/rdiscount-2.1.7.gemspec
I, [2014-02-09T14:56:31.609084 #3046]  INFO -- : 0:  github-pages (15) from /Library/Ruby/Gems/2.0.0/specifications/github-pages-15.gemspec
I, [2014-02-09T14:56:31.610520 #3046]  INFO -- : 0:  bundler (1.5.1) from /Library/Ruby/Gems/2.0.0/specifications/bundler-1.5.1.gemspec
